<?xml version="1.0" encoding="UTF-8"?>
<testsuite xmlns:xsi="http://www.w3.org/2001/XMLSchema-instance" xsi:schemaLocation="https://maven.apache.org/surefire/maven-surefire-plugin/xsd/surefire-test-report.xsd" name="com.demo.selenium.automation.bdd_jbehave_automation.AcceptanceTestSuite" time="46.052" tests="27" errors="0" skipped="0" failures="0">
  <properties>
    <property name="java.runtime.name" value="Java(TM) SE Runtime Environment"/>
    <property name="sun.boot.library.path" value="C:\Program Files\Java\jdk1.8.0_161\jre\bin"/>
    <property name="java.vm.version" value="25.161-b12"/>
    <property name="java.vm.vendor" value="Oracle Corporation"/>
    <property name="maven.multiModuleProjectDirectory" value="C:\Code\web-api-automation"/>
    <property name="java.vendor.url" value="http://java.oracle.com/"/>
    <property name="path.separator" value=";"/>
    <property name="guice.disable.misplaced.annotation.check" value="true"/>
    <property name="java.vm.name" value="Java HotSpot(TM) 64-Bit Server VM"/>
    <property name="file.encoding.pkg" value="sun.io"/>
    <property name="user.script" value=""/>
    <property name="user.country" value="US"/>
    <property name="sun.java.launcher" value="SUN_STANDARD"/>
    <property name="sun.os.patch.level" value=""/>
    <property name="java.vm.specification.name" value="Java Virtual Machine Specification"/>
    <property name="user.dir" value="C:\Code\web-api-automation"/>
    <property name="java.runtime.version" value="1.8.0_161-b12"/>
    <property name="java.awt.graphicsenv" value="sun.awt.Win32GraphicsEnvironment"/>
    <property name="java.endorsed.dirs" value="C:\Program Files\Java\jdk1.8.0_161\jre\lib\endorsed"/>
    <property name="os.arch" value="amd64"/>
    <property name="java.io.tmpdir" value="C:\Users\Swapnali\AppData\Local\Temp\"/>
    <property name="line.separator" value="&#10;"/>
    <property name="java.vm.specification.vendor" value="Oracle Corporation"/>
    <property name="user.variant" value=""/>
    <property name="os.name" value="Windows 10"/>
    <property name="classworlds.conf" value="C:\Code\apache-maven-3.5.2-bin\apache-maven-3.5.2\bin\..\bin\m2.conf"/>
    <property name="sun.jnu.encoding" value="Cp1252"/>
    <property name="java.library.path" value="C:\Program Files\Java\jdk1.8.0_161\bin;C:\WINDOWS\Sun\Java\bin;C:\WINDOWS\system32;C:\WINDOWS;C:\Windows\system32;C:\Windows;C:\Windows\System32\Wbem;C:\Windows\System32\WindowsPowerShell\v1.0\;C:\Program Files\Intel\WiFi\bin\;C:\Program Files\Common Files\Intel\WirelessCommon\;C:\Program Files\OpenVPN\bin;C:\Program Files\Microsoft SQL Server\110\Tools\Binn\;C:\Program Files (x86)\Microsoft SDKs\TypeScript\1.0\;C:\Program Files\Microsoft SQL Server\120\Tools\Binn\;C:\Program Files (x86)\NVIDIA Corporation\PhysX\Common;C:\Program Files (x86)\Skype\Phone\;C:\WINDOWS\system32;C:\WINDOWS;C:\WINDOWS\System32\Wbem;C:\WINDOWS\System32\WindowsPowerShell\v1.0\;C:\Code\apache-maven-3.5.2-bin\apache-maven-3.5.2\bin;C:\Program Files\Java\jdk1.8.0_161\bin;C:\Program Files\Intel\WiFi\bin\;C:\Program Files\Common Files\Intel\WirelessCommon\;C:\Python27;C:\Python27\Scripts\;C:\Users\Swapnali\AppData\Local\Microsoft\WindowsApps;C:\Program Files\Microsoft VS Code\bin;;."/>
    <property name="maven.conf" value="C:\Code\apache-maven-3.5.2-bin\apache-maven-3.5.2\bin\../conf"/>
    <property name="java.specification.name" value="Java Platform API Specification"/>
    <property name="java.class.version" value="52.0"/>
    <property name="sun.management.compiler" value="HotSpot 64-Bit Tiered Compilers"/>
    <property name="os.version" value="10.0"/>
    <property name="library.jansi.path" value="C:\Code\apache-maven-3.5.2-bin\apache-maven-3.5.2\bin\..\lib\jansi-native"/>
    <property name="user.home" value="C:\Users\Swapnali"/>
    <property name="user.timezone" value="Europe/London"/>
    <property name="java.awt.printerjob" value="sun.awt.windows.WPrinterJob"/>
    <property name="java.specification.version" value="1.8"/>
    <property name="file.encoding" value="Cp1252"/>
    <property name="user.name" value="Swapnali"/>
    <property name="java.class.path" value="C:\Code\apache-maven-3.5.2-bin\apache-maven-3.5.2\bin\..\boot\plexus-classworlds-2.5.2.jar"/>
    <property name="java.vm.specification.version" value="1.8"/>
    <property name="sun.arch.data.model" value="64"/>
    <property name="java.home" value="C:\Program Files\Java\jdk1.8.0_161\jre"/>
    <property name="sun.java.command" value="org.codehaus.plexus.classworlds.launcher.Launcher clean install"/>
    <property name="java.specification.vendor" value="Oracle Corporation"/>
    <property name="user.language" value="en"/>
    <property name="awt.toolkit" value="sun.awt.windows.WToolkit"/>
    <property name="java.vm.info" value="mixed mode"/>
    <property name="java.version" value="1.8.0_161"/>
    <property name="java.ext.dirs" value="C:\Program Files\Java\jdk1.8.0_161\jre\lib\ext;C:\WINDOWS\Sun\Java\lib\ext"/>
    <property name="sun.boot.class.path" value="C:\Program Files\Java\jdk1.8.0_161\jre\lib\resources.jar;C:\Program Files\Java\jdk1.8.0_161\jre\lib\rt.jar;C:\Program Files\Java\jdk1.8.0_161\jre\lib\sunrsasign.jar;C:\Program Files\Java\jdk1.8.0_161\jre\lib\jsse.jar;C:\Program Files\Java\jdk1.8.0_161\jre\lib\jce.jar;C:\Program Files\Java\jdk1.8.0_161\jre\lib\charsets.jar;C:\Program Files\Java\jdk1.8.0_161\jre\lib\jfr.jar;C:\Program Files\Java\jdk1.8.0_161\jre\classes"/>
    <property name="sun.stderr.encoding" value="cp850"/>
    <property name="java.vendor" value="Oracle Corporation"/>
    <property name="maven.home" value="C:\Code\apache-maven-3.5.2-bin\apache-maven-3.5.2\bin\.."/>
    <property name="file.separator" value="\"/>
    <property name="java.vendor.url.bug" value="http://bugreport.sun.com/bugreport/"/>
    <property name="sun.cpu.endian" value="little"/>
    <property name="sun.io.unicode.encoding" value="UnicodeLittle"/>
    <property name="sun.stdout.encoding" value="cp850"/>
    <property name="sun.desktop" value="windows"/>
    <property name="sun.cpu.isalist" value="amd64"/>
  </properties>
  <testcase name="BeforeStories" classname="java.lang.Object" time="0.019"/>
  <testcase name="Given user navigates to the wikipedia home page" classname="com.demo.selenium.automation.bdd_jbehave_automation.steps.DefinitionSteps" time="19.504"/>
  <testcase name="When user search for a given string in [language]" classname="com.demo.selenium.automation.bdd_jbehave_automation.steps.DefinitionSteps" time="2.124"/>
  <testcase name="And user type in a string [parameter] in the search input field" classname="com.demo.selenium.automation.bdd_jbehave_automation.steps.DefinitionSteps" time="0.694"/>
  <testcase name="And user click the search button" classname="com.demo.selenium.automation.bdd_jbehave_automation.steps.DefinitionSteps" time="3.744"/>
  <testcase name="Then user validate that the first heading of the search results page matches the search string [parameter]" classname="com.demo.selenium.automation.bdd_jbehave_automation.steps.DefinitionSteps" time="0.361"/>
  <testcase name="Then verify that the search results page is available in a language given as parameter [language]" classname="com.demo.selenium.automation.bdd_jbehave_automation.steps.DefinitionSteps" time="0.294"/>
  <testcase name="When navigate to the search results page in any other language [otherLanguage]" classname="com.demo.selenium.automation.bdd_jbehave_automation.steps.DefinitionSteps" time="4.62"/>
  <testcase name="Then validate that the search results page in the new language includes a link to the version in English" classname="com.demo.selenium.automation.bdd_jbehave_automation.steps.DefinitionSteps" time="0.809"/>
  <testcase name="Scenario: Wikipedia test" classname="Scenario: Wikipedia test" time="2.338"/>
  <testcase name="Ten10WebSelenium.story" classname="Ten10WebSelenium.story" time="2.395"/>
  <testcase name="Given an unordered array of integers as [input]" classname="com.demo.selenium.automation.bdd_jbehave_automation.steps.DefinitionSteps" time="0.045"/>
  <testcase name="Given an unordered array of integers as [input]" classname="com.demo.selenium.automation.bdd_jbehave_automation.steps.DefinitionSteps" time="0.016"/>
  <testcase name="Given an unordered array of integers as [input]" classname="com.demo.selenium.automation.bdd_jbehave_automation.steps.DefinitionSteps" time="0.011"/>
  <testcase name="When user program calculates lenght of longest order" classname="com.demo.selenium.automation.bdd_jbehave_automation.steps.DefinitionSteps" time="0.163"/>
  <testcase name="When user program calculates lenght of longest order" classname="com.demo.selenium.automation.bdd_jbehave_automation.steps.DefinitionSteps" time="0.046"/>
  <testcase name="When user program calculates lenght of longest order" classname="com.demo.selenium.automation.bdd_jbehave_automation.steps.DefinitionSteps" time="0.038"/>
  <testcase name="Then user get the length of ordered subsequence which equals to [output]" classname="com.demo.selenium.automation.bdd_jbehave_automation.steps.DefinitionSteps" time="0.013"/>
  <testcase name="Then user get the length of ordered subsequence which equals to [output]" classname="com.demo.selenium.automation.bdd_jbehave_automation.steps.DefinitionSteps" time="0"/>
  <testcase name="Then user get the length of ordered subsequence which equals to [output]" classname="com.demo.selenium.automation.bdd_jbehave_automation.steps.DefinitionSteps" time="0"/>
  <testcase name="Scenario: Validate array" classname="Scenario: Validate array" time="0.005"/>
  <testcase name="ValiadateArray.story" classname="ValiadateArray.story" time="0.042"/>
  <testcase name="Given the user searches for county [county]" classname="com.demo.selenium.automation.bdd_jbehave_automation.steps.DefinitionSteps" time="0.698"/>
  <testcase name="Then user retrieve the UK location and validate the result as per parameter [parameter]" classname="com.demo.selenium.automation.bdd_jbehave_automation.steps.DefinitionSteps" time="0.064"/>
  <testcase name="Scenario: Location Soap Api Test" classname="Scenario: Location Soap Api Test" time="0.105"/>
  <testcase name="LocationSoapApiTest.story" classname="LocationSoapApiTest.story" time="0.106"/>
  <testcase name="AfterStories" classname="java.lang.Object" time="6.402"/>
</testsuite>